{"/Users/angelfm/Desktop/Desarrollo/React/react/gifs-app/src/GifsApp.tsx": {"path":"/Users/angelfm/Desktop/Desarrollo/React/react/gifs-app/src/GifsApp.tsx","statementMap":{"0":{"start":{"line":13,"column":23},"end":{"line":35,"column":null}},"1":{"start":{"line":15,"column":65},"end":{"line":15,"column":null}}},"fnMap":{"0":{"name":"(anonymous_0)","decl":{"start":{"line":13,"column":23},"end":{"line":13,"column":null}},"loc":{"start":{"line":13,"column":23},"end":{"line":35,"column":null}},"line":13}},"branchMap":{},"s":{"0":1,"1":1},"f":{"0":1},"b":{},"meta":{"lastBranch":0,"lastFunction":1,"lastStatement":2,"seen":{"s:13:23:35:Infinity":0,"f:13:23:13:Infinity":0,"s:15:65:15:Infinity":1}}}
,"/Users/angelfm/Desktop/Desarrollo/React/react/gifs-app/src/counter/components/MyCounterApp.tsx": {"path":"/Users/angelfm/Desktop/Desarrollo/React/react/gifs-app/src/counter/components/MyCounterApp.tsx","statementMap":{"0":{"start":{"line":4,"column":28},"end":{"line":21,"column":null}},"1":{"start":{"line":8,"column":62},"end":{"line":8,"column":null}}},"fnMap":{"0":{"name":"(anonymous_0)","decl":{"start":{"line":4,"column":28},"end":{"line":4,"column":null}},"loc":{"start":{"line":4,"column":28},"end":{"line":21,"column":null}},"line":4}},"branchMap":{},"s":{"0":2,"1":7},"f":{"0":7},"b":{},"meta":{"lastBranch":0,"lastFunction":1,"lastStatement":2,"seen":{"s:4:28:21:Infinity":0,"f:4:28:4:Infinity":0,"s:8:62:8:Infinity":1}}}
,"/Users/angelfm/Desktop/Desarrollo/React/react/gifs-app/src/counter/hooks/useCounter.tsx": {"path":"/Users/angelfm/Desktop/Desarrollo/React/react/gifs-app/src/counter/hooks/useCounter.tsx","statementMap":{"0":{"start":{"line":6,"column":26},"end":{"line":39,"column":null}},"1":{"start":{"line":12,"column":31},"end":{"line":12,"column":null}},"2":{"start":{"line":14,"column":22},"end":{"line":16,"column":null}},"3":{"start":{"line":15,"column":8},"end":{"line":15,"column":null}},"4":{"start":{"line":19,"column":28},"end":{"line":21,"column":null}},"5":{"start":{"line":20,"column":8},"end":{"line":20,"column":null}},"6":{"start":{"line":20,"column":34},"end":{"line":20,"column":null}},"7":{"start":{"line":23,"column":24},"end":{"line":25,"column":null}},"8":{"start":{"line":24,"column":8},"end":{"line":24,"column":null}},"9":{"start":{"line":28,"column":4},"end":{"line":38,"column":null}}},"fnMap":{"0":{"name":"(anonymous_0)","decl":{"start":{"line":6,"column":26},"end":{"line":6,"column":27}},"loc":{"start":{"line":6,"column":52},"end":{"line":39,"column":null}},"line":6},"1":{"name":"(anonymous_1)","decl":{"start":{"line":14,"column":22},"end":{"line":14,"column":null}},"loc":{"start":{"line":14,"column":22},"end":{"line":16,"column":null}},"line":14},"2":{"name":"(anonymous_2)","decl":{"start":{"line":19,"column":28},"end":{"line":19,"column":null}},"loc":{"start":{"line":19,"column":28},"end":{"line":21,"column":null}},"line":19},"3":{"name":"(anonymous_3)","decl":{"start":{"line":20,"column":19},"end":{"line":20,"column":20}},"loc":{"start":{"line":20,"column":34},"end":{"line":20,"column":null}},"line":20},"4":{"name":"(anonymous_4)","decl":{"start":{"line":23,"column":24},"end":{"line":23,"column":null}},"loc":{"start":{"line":23,"column":24},"end":{"line":25,"column":null}},"line":23}},"branchMap":{"0":{"loc":{"start":{"line":6,"column":27},"end":{"line":6,"column":52}},"type":"default-arg","locations":[{"start":{"line":6,"column":50},"end":{"line":6,"column":52}}],"line":6}},"s":{"0":2,"1":14,"2":14,"3":2,"4":14,"5":7,"6":7,"7":14,"8":1,"9":14},"f":{"0":14,"1":2,"2":7,"3":7,"4":1},"b":{"0":[14]},"meta":{"lastBranch":1,"lastFunction":5,"lastStatement":10,"seen":{"s:6:26:39:Infinity":0,"f:6:26:6:27":0,"b:6:50:6:52":0,"s:12:31:12:Infinity":1,"s:14:22:16:Infinity":2,"f:14:22:14:Infinity":1,"s:15:8:15:Infinity":3,"s:19:28:21:Infinity":4,"f:19:28:19:Infinity":2,"s:20:8:20:Infinity":5,"f:20:19:20:20":3,"s:20:34:20:Infinity":6,"s:23:24:25:Infinity":7,"f:23:24:23:Infinity":4,"s:24:8:24:Infinity":8,"s:28:4:38:Infinity":9}}}
,"/Users/angelfm/Desktop/Desarrollo/React/react/gifs-app/src/gifs/actions/get-gifs-by-query.action.ts": {"path":"/Users/angelfm/Desktop/Desarrollo/React/react/gifs-app/src/gifs/actions/get-gifs-by-query.action.ts","statementMap":{"0":{"start":{"line":6,"column":30},"end":{"line":37,"column":null}},"1":{"start":{"line":7,"column":4},"end":{"line":9,"column":null}},"2":{"start":{"line":8,"column":8},"end":{"line":8,"column":null}},"3":{"start":{"line":11,"column":4},"end":{"line":35,"column":null}},"4":{"start":{"line":12,"column":25},"end":{"line":19,"column":null}},"5":{"start":{"line":25,"column":8},"end":{"line":31,"column":null}},"6":{"start":{"line":25,"column":48},"end":{"line":31,"column":null}},"7":{"start":{"line":33,"column":8},"end":{"line":33,"column":null}},"8":{"start":{"line":34,"column":8},"end":{"line":34,"column":null}}},"fnMap":{"0":{"name":"(anonymous_0)","decl":{"start":{"line":6,"column":30},"end":{"line":6,"column":37}},"loc":{"start":{"line":6,"column":37},"end":{"line":37,"column":null}},"line":6},"1":{"name":"(anonymous_1)","decl":{"start":{"line":25,"column":38},"end":{"line":25,"column":39}},"loc":{"start":{"line":25,"column":48},"end":{"line":31,"column":null}},"line":25}},"branchMap":{"0":{"loc":{"start":{"line":7,"column":4},"end":{"line":9,"column":null}},"type":"if","locations":[{"start":{"line":7,"column":4},"end":{"line":9,"column":null}},{"start":{},"end":{}}],"line":7}},"s":{"0":3,"1":6,"2":0,"3":6,"4":6,"5":5,"6":50,"7":1,"8":1},"f":{"0":6,"1":50},"b":{"0":[0,6]},"meta":{"lastBranch":1,"lastFunction":2,"lastStatement":9,"seen":{"s:6:30:37:Infinity":0,"f:6:30:6:37":0,"b:7:4:9:Infinity:undefined:undefined:undefined:undefined":0,"s:7:4:9:Infinity":1,"s:8:8:8:Infinity":2,"s:11:4:35:Infinity":3,"s:12:25:19:Infinity":4,"s:25:8:31:Infinity":5,"f:25:38:25:39":1,"s:25:48:31:Infinity":6,"s:33:8:33:Infinity":7,"s:34:8:34:Infinity":8}}}
,"/Users/angelfm/Desktop/Desarrollo/React/react/gifs-app/src/gifs/api/giphy.api.ts": {"path":"/Users/angelfm/Desktop/Desarrollo/React/react/gifs-app/src/gifs/api/giphy.api.ts","statementMap":{"0":{"start":{"line":3,"column":24},"end":{"line":9,"column":null}}},"fnMap":{},"branchMap":{},"s":{"0":4},"f":{},"b":{},"meta":{"lastBranch":0,"lastFunction":0,"lastStatement":1,"seen":{"s:3:24:9:Infinity":0}}}
,"/Users/angelfm/Desktop/Desarrollo/React/react/gifs-app/src/gifs/components/GifList.tsx": {"path":"/Users/angelfm/Desktop/Desarrollo/React/react/gifs-app/src/gifs/components/GifList.tsx","statementMap":{"0":{"start":{"line":9,"column":23},"end":{"line":26,"column":null}}},"fnMap":{"0":{"name":"(anonymous_0)","decl":{"start":{"line":9,"column":23},"end":{"line":9,"column":24}},"loc":{"start":{"line":9,"column":39},"end":{"line":26,"column":null}},"line":9}},"branchMap":{},"s":{"0":1},"f":{"0":1},"b":{},"meta":{"lastBranch":0,"lastFunction":1,"lastStatement":1,"seen":{"s:9:23:26:Infinity":0,"f:9:23:9:24":0}}}
,"/Users/angelfm/Desktop/Desarrollo/React/react/gifs-app/src/gifs/components/PreviousSearches.tsx": {"path":"/Users/angelfm/Desktop/Desarrollo/React/react/gifs-app/src/gifs/components/PreviousSearches.tsx","statementMap":{"0":{"start":{"line":9,"column":43},"end":{"line":22,"column":null}},"1":{"start":{"line":16,"column":54},"end":{"line":16,"column":77}}},"fnMap":{"0":{"name":"(anonymous_0)","decl":{"start":{"line":9,"column":43},"end":{"line":9,"column":44}},"loc":{"start":{"line":9,"column":72},"end":{"line":22,"column":null}},"line":9},"1":{"name":"(anonymous_1)","decl":{"start":{"line":16,"column":48},"end":{"line":16,"column":54}},"loc":{"start":{"line":16,"column":54},"end":{"line":16,"column":77}},"line":16}},"branchMap":{},"s":{"0":1,"1":0},"f":{"0":1,"1":0},"b":{},"meta":{"lastBranch":0,"lastFunction":2,"lastStatement":2,"seen":{"s:9:43:22:Infinity":0,"f:9:43:9:44":0,"f:16:48:16:54":1,"s:16:54:16:77":1}}}
,"/Users/angelfm/Desktop/Desarrollo/React/react/gifs-app/src/gifs/hooks/useGifs.tsx": {"path":"/Users/angelfm/Desktop/Desarrollo/React/react/gifs-app/src/gifs/hooks/useGifs.tsx","statementMap":{"0":{"start":{"line":14,"column":23},"end":{"line":60,"column":null}},"1":{"start":{"line":16,"column":25},"end":{"line":16,"column":null}},"2":{"start":{"line":17,"column":43},"end":{"line":17,"column":null}},"3":{"start":{"line":19,"column":10},"end":{"line":19,"column":null}},"4":{"start":{"line":23,"column":29},"end":{"line":33,"column":null}},"5":{"start":{"line":25,"column":8},"end":{"line":28,"column":null}},"6":{"start":{"line":26,"column":12},"end":{"line":26,"column":null}},"7":{"start":{"line":27,"column":12},"end":{"line":27,"column":null}},"8":{"start":{"line":30,"column":21},"end":{"line":30,"column":null}},"9":{"start":{"line":31,"column":8},"end":{"line":31,"column":null}},"10":{"start":{"line":32,"column":8},"end":{"line":32,"column":null}},"11":{"start":{"line":35,"column":25},"end":{"line":49,"column":null}},"12":{"start":{"line":36,"column":8},"end":{"line":36,"column":44}},"13":{"start":{"line":38,"column":8},"end":{"line":38,"column":39}},"14":{"start":{"line":38,"column":32},"end":{"line":38,"column":39}},"15":{"start":{"line":40,"column":8},"end":{"line":40,"column":51}},"16":{"start":{"line":40,"column":43},"end":{"line":40,"column":51}},"17":{"start":{"line":42,"column":8},"end":{"line":42,"column":65}},"18":{"start":{"line":44,"column":21},"end":{"line":44,"column":null}},"19":{"start":{"line":46,"column":8},"end":{"line":46,"column":null}},"20":{"start":{"line":48,"column":8},"end":{"line":48,"column":null}},"21":{"start":{"line":51,"column":4},"end":{"line":59,"column":null}}},"fnMap":{"0":{"name":"(anonymous_0)","decl":{"start":{"line":14,"column":23},"end":{"line":14,"column":null}},"loc":{"start":{"line":14,"column":23},"end":{"line":60,"column":null}},"line":14},"1":{"name":"(anonymous_1)","decl":{"start":{"line":23,"column":29},"end":{"line":23,"column":36}},"loc":{"start":{"line":23,"column":36},"end":{"line":33,"column":null}},"line":23},"2":{"name":"(anonymous_2)","decl":{"start":{"line":35,"column":25},"end":{"line":35,"column":32}},"loc":{"start":{"line":35,"column":50},"end":{"line":49,"column":null}},"line":35}},"branchMap":{"0":{"loc":{"start":{"line":25,"column":8},"end":{"line":28,"column":null}},"type":"if","locations":[{"start":{"line":25,"column":8},"end":{"line":28,"column":null}},{"start":{},"end":{}}],"line":25},"1":{"loc":{"start":{"line":35,"column":32},"end":{"line":35,"column":50}},"type":"default-arg","locations":[{"start":{"line":35,"column":48},"end":{"line":35,"column":50}}],"line":35},"2":{"loc":{"start":{"line":38,"column":8},"end":{"line":38,"column":39}},"type":"if","locations":[{"start":{"line":38,"column":8},"end":{"line":38,"column":39}},{"start":{},"end":{}}],"line":38},"3":{"loc":{"start":{"line":40,"column":8},"end":{"line":40,"column":51}},"type":"if","locations":[{"start":{"line":40,"column":8},"end":{"line":40,"column":51}},{"start":{},"end":{}}],"line":40}},"s":{"0":2,"1":19,"2":19,"3":19,"4":19,"5":3,"6":1,"7":1,"8":2,"9":2,"10":2,"11":19,"12":10,"13":10,"14":0,"15":10,"16":0,"17":10,"18":10,"19":10,"20":10,"21":19},"f":{"0":19,"1":3,"2":10},"b":{"0":[1,2],"1":[10],"2":[0,10],"3":[0,10]},"meta":{"lastBranch":4,"lastFunction":3,"lastStatement":22,"seen":{"s:14:23:60:Infinity":0,"f:14:23:14:Infinity":0,"s:16:25:16:Infinity":1,"s:17:43:17:Infinity":2,"s:19:10:19:Infinity":3,"s:23:29:33:Infinity":4,"f:23:29:23:36":1,"b:25:8:28:Infinity:undefined:undefined:undefined:undefined":0,"s:25:8:28:Infinity":5,"s:26:12:26:Infinity":6,"s:27:12:27:Infinity":7,"s:30:21:30:Infinity":8,"s:31:8:31:Infinity":9,"s:32:8:32:Infinity":10,"s:35:25:49:Infinity":11,"f:35:25:35:32":2,"b:35:48:35:50":1,"s:36:8:36:44":12,"b:38:8:38:39:undefined:undefined:undefined:undefined":2,"s:38:8:38:39":13,"s:38:32:38:39":14,"b:40:8:40:51:undefined:undefined:undefined:undefined":3,"s:40:8:40:51":15,"s:40:43:40:51":16,"s:42:8:42:65":17,"s:44:21:44:Infinity":18,"s:46:8:46:Infinity":19,"s:48:8:48:Infinity":20,"s:51:4:59:Infinity":21}}}
,"/Users/angelfm/Desktop/Desarrollo/React/react/gifs-app/src/shared/components/CustomHeader.tsx": {"path":"/Users/angelfm/Desktop/Desarrollo/React/react/gifs-app/src/shared/components/CustomHeader.tsx","statementMap":{"0":{"start":{"line":9,"column":28},"end":{"line":16,"column":null}}},"fnMap":{"0":{"name":"(anonymous_0)","decl":{"start":{"line":9,"column":28},"end":{"line":9,"column":29}},"loc":{"start":{"line":9,"column":58},"end":{"line":16,"column":null}},"line":9}},"branchMap":{},"s":{"0":2},"f":{"0":4},"b":{},"meta":{"lastBranch":0,"lastFunction":1,"lastStatement":1,"seen":{"s:9:28:16:Infinity":0,"f:9:28:9:29":0}}}
,"/Users/angelfm/Desktop/Desarrollo/React/react/gifs-app/src/shared/components/SearchBar.tsx": {"path":"/Users/angelfm/Desktop/Desarrollo/React/react/gifs-app/src/shared/components/SearchBar.tsx","statementMap":{"0":{"start":{"line":8,"column":25},"end":{"line":54,"column":null}},"1":{"start":{"line":10,"column":27},"end":{"line":10,"column":null}},"2":{"start":{"line":16,"column":4},"end":{"line":29,"column":null}},"3":{"start":{"line":19,"column":26},"end":{"line":21,"column":null}},"4":{"start":{"line":20,"column":12},"end":{"line":20,"column":null}},"5":{"start":{"line":25,"column":8},"end":{"line":27,"column":null}},"6":{"start":{"line":26,"column":12},"end":{"line":26,"column":null}},"7":{"start":{"line":31,"column":25},"end":{"line":34,"column":null}},"8":{"start":{"line":32,"column":8},"end":{"line":32,"column":null}},"9":{"start":{"line":36,"column":26},"end":{"line":40,"column":null}},"10":{"start":{"line":37,"column":8},"end":{"line":39,"column":null}},"11":{"start":{"line":38,"column":12},"end":{"line":38,"column":null}},"12":{"start":{"line":46,"column":37},"end":{"line":46,"column":null}}},"fnMap":{"0":{"name":"(anonymous_0)","decl":{"start":{"line":8,"column":25},"end":{"line":8,"column":26}},"loc":{"start":{"line":8,"column":69},"end":{"line":54,"column":null}},"line":8},"1":{"name":"(anonymous_1)","decl":{"start":{"line":16,"column":14},"end":{"line":16,"column":null}},"loc":{"start":{"line":16,"column":14},"end":{"line":29,"column":7}},"line":16},"2":{"name":"(anonymous_2)","decl":{"start":{"line":19,"column":37},"end":{"line":19,"column":null}},"loc":{"start":{"line":19,"column":37},"end":{"line":21,"column":11}},"line":19},"3":{"name":"(anonymous_3)","decl":{"start":{"line":25,"column":15},"end":{"line":25,"column":null}},"loc":{"start":{"line":25,"column":15},"end":{"line":27,"column":null}},"line":25},"4":{"name":"(anonymous_4)","decl":{"start":{"line":31,"column":25},"end":{"line":31,"column":null}},"loc":{"start":{"line":31,"column":25},"end":{"line":34,"column":null}},"line":31},"5":{"name":"(anonymous_5)","decl":{"start":{"line":36,"column":26},"end":{"line":36,"column":27}},"loc":{"start":{"line":36,"column":27},"end":{"line":40,"column":null}},"line":36},"6":{"name":"(anonymous_6)","decl":{"start":{"line":46,"column":26},"end":{"line":46,"column":27}},"loc":{"start":{"line":46,"column":37},"end":{"line":46,"column":null}},"line":46}},"branchMap":{"0":{"loc":{"start":{"line":8,"column":28},"end":{"line":8,"column":51}},"type":"default-arg","locations":[{"start":{"line":8,"column":42},"end":{"line":8,"column":51}}],"line":8},"1":{"loc":{"start":{"line":37,"column":8},"end":{"line":39,"column":null}},"type":"if","locations":[{"start":{"line":37,"column":8},"end":{"line":39,"column":null}},{"start":{},"end":{}}],"line":37}},"s":{"0":2,"1":12,"2":12,"3":12,"4":2,"5":12,"6":12,"7":12,"8":1,"9":12,"10":0,"11":0,"12":6},"f":{"0":12,"1":12,"2":2,"3":12,"4":1,"5":0,"6":6},"b":{"0":[12],"1":[0,0]},"meta":{"lastBranch":2,"lastFunction":7,"lastStatement":13,"seen":{"s:8:25:54:Infinity":0,"f:8:25:8:26":0,"b:8:42:8:51":0,"s:10:27:10:Infinity":1,"s:16:4:29:Infinity":2,"f:16:14:16:Infinity":1,"s:19:26:21:Infinity":3,"f:19:37:19:Infinity":2,"s:20:12:20:Infinity":4,"s:25:8:27:Infinity":5,"f:25:15:25:Infinity":3,"s:26:12:26:Infinity":6,"s:31:25:34:Infinity":7,"f:31:25:31:Infinity":4,"s:32:8:32:Infinity":8,"s:36:26:40:Infinity":9,"f:36:26:36:27":5,"b:37:8:39:Infinity:undefined:undefined:undefined:undefined":1,"s:37:8:39:Infinity":10,"s:38:12:38:Infinity":11,"f:46:26:46:27":6,"s:46:37:46:Infinity":12}}}
,"/Users/angelfm/Desktop/Desarrollo/React/react/gifs-app/tests/mock/giphy.response.data.ts": {"path":"/Users/angelfm/Desktop/Desarrollo/React/react/gifs-app/tests/mock/giphy.response.data.ts","statementMap":{"0":{"start":{"line":1,"column":39},"end":{"line":2034,"column":null}}},"fnMap":{},"branchMap":{},"s":{"0":1},"f":{},"b":{},"meta":{"lastBranch":0,"lastFunction":0,"lastStatement":1,"seen":{"s:1:39:2034:Infinity":0}}}
}
